[debug] [2021-08-12T04:00:36.639Z] ----------------------------------------------------------------------
[debug] [2021-08-12T04:00:36.642Z] Command:       /usr/local/bin/node /Users/mikeyp/.npm-global/bin/firebase serve
[debug] [2021-08-12T04:00:36.642Z] CLI Version:   9.16.0
[debug] [2021-08-12T04:00:36.643Z] Platform:      darwin
[debug] [2021-08-12T04:00:36.643Z] Node Version:  v16.5.0
[debug] [2021-08-12T04:00:36.644Z] Time:          Wed Aug 11 2021 21:00:36 GMT-0700 (Pacific Daylight Time)
[debug] [2021-08-12T04:00:36.645Z] ----------------------------------------------------------------------
[debug] 
[debug] [2021-08-12T04:00:36.727Z] > command requires scopes: ["email","openid","https://www.googleapis.com/auth/cloudplatformprojects.readonly","https://www.googleapis.com/auth/firebase","https://www.googleapis.com/auth/cloud-platform"]
[debug] [2021-08-12T04:00:36.727Z] > authorizing via signed-in user (peraram2@gmail.com)
[debug] [2021-08-12T04:00:36.728Z] [iam] checking project adventure-planner-fb111 for permissions ["firebase.projects.get"]
[debug] [2021-08-12T04:00:36.731Z] > refreshing access token with scopes: ["email","https://www.googleapis.com/auth/cloud-platform","https://www.googleapis.com/auth/cloudplatformprojects.readonly","https://www.googleapis.com/auth/firebase","openid"]
[debug] [2021-08-12T04:00:36.731Z] >>> HTTP REQUEST POST https://www.googleapis.com/oauth2/v3/token  
 <request body omitted>
[debug] [2021-08-12T04:00:36.854Z] <<< HTTP RESPONSE 200 {"pragma":"no-cache","expires":"Mon, 01 Jan 1990 00:00:00 GMT","date":"Thu, 12 Aug 2021 04:00:37 GMT","cache-control":"no-cache, no-store, max-age=0, must-revalidate","content-type":"application/json; charset=utf-8","vary":"X-Origin, Referer, Origin,Accept-Encoding","server":"scaffolding on HTTPServer2","x-xss-protection":"0","x-frame-options":"SAMEORIGIN","x-content-type-options":"nosniff","alt-svc":"h3=\":443\"; ma=2592000,h3-29=\":443\"; ma=2592000,h3-T051=\":443\"; ma=2592000,h3-Q050=\":443\"; ma=2592000,h3-Q046=\":443\"; ma=2592000,h3-Q043=\":443\"; ma=2592000,quic=\":443\"; ma=2592000; v=\"46,43\"","accept-ranges":"none","transfer-encoding":"chunked"}
[debug] [2021-08-12T04:00:36.873Z] >>> HTTP REQUEST POST https://cloudresourcemanager.googleapis.com/v1/projects/adventure-planner-fb111:testIamPermissions  
 {"permissions":["firebase.projects.get"]}
[debug] [2021-08-12T04:00:36.880Z] [iam] error while checking permissions, command may fail: FirebaseError: Server Error. getaddrinfo ENOTFOUND cloudresourcemanager.googleapis.com
[debug] [2021-08-12T04:00:36.881Z] > refreshing access token with scopes: []
[debug] [2021-08-12T04:00:36.881Z] >>> HTTP REQUEST POST https://www.googleapis.com/oauth2/v3/token  
 <request body omitted>
[debug] [2021-08-12T04:00:37.007Z] <<< HTTP RESPONSE 200 {"date":"Thu, 12 Aug 2021 04:00:37 GMT","cache-control":"no-cache, no-store, max-age=0, must-revalidate","expires":"Mon, 01 Jan 1990 00:00:00 GMT","pragma":"no-cache","content-type":"application/json; charset=utf-8","vary":"X-Origin, Referer, Origin,Accept-Encoding","server":"scaffolding on HTTPServer2","x-xss-protection":"0","x-frame-options":"SAMEORIGIN","x-content-type-options":"nosniff","alt-svc":"h3=\":443\"; ma=2592000,h3-29=\":443\"; ma=2592000,h3-T051=\":443\"; ma=2592000,h3-Q050=\":443\"; ma=2592000,h3-Q046=\":443\"; ma=2592000,h3-Q043=\":443\"; ma=2592000,quic=\":443\"; ma=2592000; v=\"46,43\"","accept-ranges":"none","transfer-encoding":"chunked"}
[debug] [2021-08-12T04:00:37.030Z] >>> [apiv2][query] GET https://firebase.googleapis.com/v1beta1/projects/adventure-planner-fb111 [none]
[debug] [2021-08-12T04:00:37.035Z] Failed to make request to https://firebase.googleapis.com/v1beta1/projects/adventure-planner-fb111
[debug] [2021-08-12T04:00:37.103Z] FirebaseError: Failed to make request to https://firebase.googleapis.com/v1beta1/projects/adventure-planner-fb111
    at Client.doRequest (/Users/mikeyp/.npm-global/lib/node_modules/firebase-tools/lib/apiv2.js:211:19)
    at processTicksAndRejections (node:internal/process/task_queues:96:5)
    at async Client.request (/Users/mikeyp/.npm-global/lib/node_modules/firebase-tools/lib/apiv2.js:96:20)
    at async Object.getFirebaseProject (/Users/mikeyp/.npm-global/lib/node_modules/firebase-tools/lib/management/projects.js:290:21)
    at async getProjectNumber (/Users/mikeyp/.npm-global/lib/node_modules/firebase-tools/lib/getProjectNumber.js:11:22)
    at async /Users/mikeyp/.npm-global/lib/node_modules/firebase-tools/lib/command.js:169:17
[error] 
[error] Error: Failed to get Firebase project adventure-planner-fb111. Please make sure the project exists and your account has permission to access it.
[debug] [2021-08-12T04:01:08.471Z] ----------------------------------------------------------------------
[debug] [2021-08-12T04:01:08.474Z] Command:       /usr/local/bin/node /Users/mikeyp/.npm-global/bin/firebase serve
[debug] [2021-08-12T04:01:08.474Z] CLI Version:   9.16.0
[debug] [2021-08-12T04:01:08.475Z] Platform:      darwin
[debug] [2021-08-12T04:01:08.475Z] Node Version:  v16.5.0
[debug] [2021-08-12T04:01:08.476Z] Time:          Wed Aug 11 2021 21:01:08 GMT-0700 (Pacific Daylight Time)
[debug] [2021-08-12T04:01:08.477Z] ----------------------------------------------------------------------
[debug] 
[debug] [2021-08-12T04:01:08.560Z] > command requires scopes: ["email","openid","https://www.googleapis.com/auth/cloudplatformprojects.readonly","https://www.googleapis.com/auth/firebase","https://www.googleapis.com/auth/cloud-platform"]
[debug] [2021-08-12T04:01:08.561Z] > authorizing via signed-in user (peraram2@gmail.com)
[debug] [2021-08-12T04:01:08.561Z] [iam] checking project adventure-planner-fb111 for permissions ["firebase.projects.get"]
[debug] [2021-08-12T04:01:08.564Z] > refreshing access token with scopes: ["email","https://www.googleapis.com/auth/cloud-platform","https://www.googleapis.com/auth/cloudplatformprojects.readonly","https://www.googleapis.com/auth/firebase","openid"]
[debug] [2021-08-12T04:01:08.564Z] >>> HTTP REQUEST POST https://www.googleapis.com/oauth2/v3/token  
 <request body omitted>
[debug] [2021-08-12T04:01:08.697Z] <<< HTTP RESPONSE 200 {"cache-control":"no-cache, no-store, max-age=0, must-revalidate","pragma":"no-cache","expires":"Mon, 01 Jan 1990 00:00:00 GMT","date":"Thu, 12 Aug 2021 04:01:09 GMT","content-type":"application/json; charset=utf-8","vary":"X-Origin, Referer, Origin,Accept-Encoding","server":"scaffolding on HTTPServer2","x-xss-protection":"0","x-frame-options":"SAMEORIGIN","x-content-type-options":"nosniff","alt-svc":"h3=\":443\"; ma=2592000,h3-29=\":443\"; ma=2592000,h3-T051=\":443\"; ma=2592000,h3-Q050=\":443\"; ma=2592000,h3-Q046=\":443\"; ma=2592000,h3-Q043=\":443\"; ma=2592000,quic=\":443\"; ma=2592000; v=\"46,43\"","accept-ranges":"none","transfer-encoding":"chunked"}
[debug] [2021-08-12T04:01:08.721Z] >>> HTTP REQUEST POST https://cloudresourcemanager.googleapis.com/v1/projects/adventure-planner-fb111:testIamPermissions  
 {"permissions":["firebase.projects.get"]}
[debug] [2021-08-12T04:01:08.824Z] <<< HTTP RESPONSE 200 {"content-type":"application/json; charset=UTF-8","vary":"X-Origin, Referer, Origin,Accept-Encoding","date":"Thu, 12 Aug 2021 04:01:09 GMT","server":"ESF","cache-control":"private","x-xss-protection":"0","x-frame-options":"SAMEORIGIN","x-content-type-options":"nosniff","server-timing":"gfet4t7; dur=35","alt-svc":"h3=\":443\"; ma=2592000,h3-29=\":443\"; ma=2592000,h3-T051=\":443\"; ma=2592000,h3-Q050=\":443\"; ma=2592000,h3-Q046=\":443\"; ma=2592000,h3-Q043=\":443\"; ma=2592000,quic=\":443\"; ma=2592000; v=\"46,43\"","accept-ranges":"none","transfer-encoding":"chunked"}
[debug] [2021-08-12T04:01:08.826Z] > refreshing access token with scopes: []
[debug] [2021-08-12T04:01:08.827Z] >>> HTTP REQUEST POST https://www.googleapis.com/oauth2/v3/token  
 <request body omitted>
[debug] [2021-08-12T04:01:08.945Z] <<< HTTP RESPONSE 200 {"pragma":"no-cache","date":"Thu, 12 Aug 2021 04:01:09 GMT","expires":"Mon, 01 Jan 1990 00:00:00 GMT","cache-control":"no-cache, no-store, max-age=0, must-revalidate","content-type":"application/json; charset=utf-8","vary":"X-Origin, Referer, Origin,Accept-Encoding","server":"scaffolding on HTTPServer2","x-xss-protection":"0","x-frame-options":"SAMEORIGIN","x-content-type-options":"nosniff","alt-svc":"h3=\":443\"; ma=2592000,h3-29=\":443\"; ma=2592000,h3-T051=\":443\"; ma=2592000,h3-Q050=\":443\"; ma=2592000,h3-Q046=\":443\"; ma=2592000,h3-Q043=\":443\"; ma=2592000,quic=\":443\"; ma=2592000; v=\"46,43\"","accept-ranges":"none","transfer-encoding":"chunked"}
[debug] [2021-08-12T04:01:08.968Z] >>> [apiv2][query] GET https://firebase.googleapis.com/v1beta1/projects/adventure-planner-fb111 [none]
[debug] [2021-08-12T04:01:09.112Z] <<< [apiv2][status] GET https://firebase.googleapis.com/v1beta1/projects/adventure-planner-fb111 200
[debug] [2021-08-12T04:01:09.113Z] <<< [apiv2][body] GET https://firebase.googleapis.com/v1beta1/projects/adventure-planner-fb111 {"projectId":"adventure-planner-fb111","projectNumber":"700952279621","displayName":"adventure-planner","name":"projects/adventure-planner-fb111","resources":{"hostingSite":"adventure-planner-fb111","storageBucket":"adventure-planner-fb111.appspot.com","locationId":"us-central"},"state":"ACTIVE"}
[info] 
[info] === Serving from '/Users/mikeyp/github/adventure-planner'...
[info] 
[warn] ⚠  Your requested "node" version "14" doesn't match your global version "16" {"metadata":{"emulator":{"name":"functions"},"message":"Your requested \"node\" version \"14\" doesn't match your global version \"16\""}}
[debug] [2021-08-12T04:01:09.137Z] defaultcredentials: writing to file /Users/mikeyp/.config/firebase/peraram2_gmail_com_application_default_credentials.json
[debug] [2021-08-12T04:01:09.147Z] Setting GAC to /Users/mikeyp/.config/firebase/peraram2_gmail_com_application_default_credentials.json {"metadata":{"emulator":{"name":"functions"},"message":"Setting GAC to /Users/mikeyp/.config/firebase/peraram2_gmail_com_application_default_credentials.json"}}
[debug] [2021-08-12T04:01:09.149Z] >>> [apiv2][query] GET https://firebase.googleapis.com/v1beta1/projects/adventure-planner-fb111/adminSdkConfig [none]
[debug] [2021-08-12T04:01:09.369Z] <<< [apiv2][status] GET https://firebase.googleapis.com/v1beta1/projects/adventure-planner-fb111/adminSdkConfig 200
[debug] [2021-08-12T04:01:09.369Z] <<< [apiv2][body] GET https://firebase.googleapis.com/v1beta1/projects/adventure-planner-fb111/adminSdkConfig {"projectId":"adventure-planner-fb111","storageBucket":"adventure-planner-fb111.appspot.com","locationId":"us-central"}
[info] i  functions: Watching "/Users/mikeyp/github/adventure-planner/functions" for Cloud Functions... {"metadata":{"emulator":{"name":"functions"},"message":"Watching \"/Users/mikeyp/github/adventure-planner/functions\" for Cloud Functions..."}}
[debug] [2021-08-12T04:01:09.410Z] [worker-pool] addWorker(~diagnostic~) {"metadata":{"emulator":{"name":"functions"},"message":"[worker-pool] addWorker(~diagnostic~)"}}
[debug] [2021-08-12T04:01:09.411Z] [worker-pool] Adding worker with key ~diagnostic~, total=1 {"metadata":{"emulator":{"name":"functions"},"message":"[worker-pool] Adding worker with key ~diagnostic~, total=1"}}
[debug] [2021-08-12T04:01:09.411Z] [worker-pool] submitWork(triggerId=) {"metadata":{"emulator":{"name":"functions"},"message":"[worker-pool] submitWork(triggerId=)"}}
[debug] [2021-08-12T04:01:09.412Z] [worker-~diagnostic~-3fde5b7f-87c9-4e56-9526-7f3be55b1cac]: Assigning socketPath: /var/folders/pk/n_qwmrz92zjc56kymftxqbhm0000gn/T/fire_emu_73475.sock {"metadata":{"emulator":{"name":"functions"},"message":"[worker-~diagnostic~-3fde5b7f-87c9-4e56-9526-7f3be55b1cac]: Assigning socketPath: /var/folders/pk/n_qwmrz92zjc56kymftxqbhm0000gn/T/fire_emu_73475.sock"}}
[debug] [2021-08-12T04:01:09.413Z] [worker-~diagnostic~-3fde5b7f-87c9-4e56-9526-7f3be55b1cac]: BUSY {"metadata":{"emulator":{"name":"functions"},"message":"[worker-~diagnostic~-3fde5b7f-87c9-4e56-9526-7f3be55b1cac]: BUSY"}}
[debug] [2021-08-12T04:01:09.627Z] [runtime-status] [73475] Functions runtime initialized. {"cwd":"/Users/mikeyp/github/adventure-planner/functions","node_version":"16.5.0"} {"metadata":{"emulator":{"name":"functions"},"message":"[runtime-status] [73475] Functions runtime initialized. {\"cwd\":\"/Users/mikeyp/github/adventure-planner/functions\",\"node_version\":\"16.5.0\"}"}}
[debug] [2021-08-12T04:01:09.628Z] [runtime-status] [73475] Disabled runtime features: undefined {"metadata":{"emulator":{"name":"functions"},"message":"[runtime-status] [73475] Disabled runtime features: undefined"}}
[debug] [2021-08-12T04:01:09.631Z] [runtime-status] [73475] Resolved module firebase-admin {"declared":true,"installed":true,"version":"9.11.0","resolution":"/Users/mikeyp/github/adventure-planner/functions/node_modules/firebase-admin/lib/index.js"} {"metadata":{"emulator":{"name":"functions"},"message":"[runtime-status] [73475] Resolved module firebase-admin {\"declared\":true,\"installed\":true,\"version\":\"9.11.0\",\"resolution\":\"/Users/mikeyp/github/adventure-planner/functions/node_modules/firebase-admin/lib/index.js\"}"}}
[debug] [2021-08-12T04:01:09.633Z] [runtime-status] [73475] Resolved module firebase-functions {"declared":true,"installed":true,"version":"3.14.1","resolution":"/Users/mikeyp/github/adventure-planner/functions/node_modules/firebase-functions/lib/index.js"} {"metadata":{"emulator":{"name":"functions"},"message":"[runtime-status] [73475] Resolved module firebase-functions {\"declared\":true,\"installed\":true,\"version\":\"3.14.1\",\"resolution\":\"/Users/mikeyp/github/adventure-planner/functions/node_modules/firebase-functions/lib/index.js\"}"}}
[debug] [2021-08-12T04:01:09.635Z] [runtime-status] [73475] Resolved module firebase-functions {"declared":true,"installed":true,"version":"3.14.1","resolution":"/Users/mikeyp/github/adventure-planner/functions/node_modules/firebase-functions/lib/index.js"} {"metadata":{"emulator":{"name":"functions"},"message":"[runtime-status] [73475] Resolved module firebase-functions {\"declared\":true,\"installed\":true,\"version\":\"3.14.1\",\"resolution\":\"/Users/mikeyp/github/adventure-planner/functions/node_modules/firebase-functions/lib/index.js\"}"}}
[debug] [2021-08-12T04:01:09.638Z] [runtime-status] [73475] Outgoing network have been stubbed. [{"name":"http","status":"mocked"},{"name":"http","status":"mocked"},{"name":"https","status":"mocked"},{"name":"https","status":"mocked"},{"name":"net","status":"mocked"}] {"metadata":{"emulator":{"name":"functions"},"message":"[runtime-status] [73475] Outgoing network have been stubbed. [{\"name\":\"http\",\"status\":\"mocked\"},{\"name\":\"http\",\"status\":\"mocked\"},{\"name\":\"https\",\"status\":\"mocked\"},{\"name\":\"https\",\"status\":\"mocked\"},{\"name\":\"net\",\"status\":\"mocked\"}]"}}
[debug] [2021-08-12T04:01:09.639Z] [runtime-status] [73475] Resolved module firebase-functions {"declared":true,"installed":true,"version":"3.14.1","resolution":"/Users/mikeyp/github/adventure-planner/functions/node_modules/firebase-functions/lib/index.js"} {"metadata":{"emulator":{"name":"functions"},"message":"[runtime-status] [73475] Resolved module firebase-functions {\"declared\":true,\"installed\":true,\"version\":\"3.14.1\",\"resolution\":\"/Users/mikeyp/github/adventure-planner/functions/node_modules/firebase-functions/lib/index.js\"}"}}
[debug] [2021-08-12T04:01:09.694Z] [runtime-status] [73475] Checked functions.config() {"config":{}} {"metadata":{"emulator":{"name":"functions"},"message":"[runtime-status] [73475] Checked functions.config() {\"config\":{}}"}}
[debug] [2021-08-12T04:01:09.694Z] [runtime-status] [73475] firebase-functions has been stubbed. {"functionsResolution":{"declared":true,"installed":true,"version":"3.14.1","resolution":"/Users/mikeyp/github/adventure-planner/functions/node_modules/firebase-functions/lib/index.js"}} {"metadata":{"emulator":{"name":"functions"},"message":"[runtime-status] [73475] firebase-functions has been stubbed. {\"functionsResolution\":{\"declared\":true,\"installed\":true,\"version\":\"3.14.1\",\"resolution\":\"/Users/mikeyp/github/adventure-planner/functions/node_modules/firebase-functions/lib/index.js\"}}"}}
[debug] [2021-08-12T04:01:09.695Z] [runtime-status] [73475] Resolved module firebase-functions {"declared":true,"installed":true,"version":"3.14.1","resolution":"/Users/mikeyp/github/adventure-planner/functions/node_modules/firebase-functions/lib/index.js"} {"metadata":{"emulator":{"name":"functions"},"message":"[runtime-status] [73475] Resolved module firebase-functions {\"declared\":true,\"installed\":true,\"version\":\"3.14.1\",\"resolution\":\"/Users/mikeyp/github/adventure-planner/functions/node_modules/firebase-functions/lib/index.js\"}"}}
[debug] [2021-08-12T04:01:09.696Z] [runtime-status] [73475] Resolved module firebase-admin {"declared":true,"installed":true,"version":"9.11.0","resolution":"/Users/mikeyp/github/adventure-planner/functions/node_modules/firebase-admin/lib/index.js"} {"metadata":{"emulator":{"name":"functions"},"message":"[runtime-status] [73475] Resolved module firebase-admin {\"declared\":true,\"installed\":true,\"version\":\"9.11.0\",\"resolution\":\"/Users/mikeyp/github/adventure-planner/functions/node_modules/firebase-admin/lib/index.js\"}"}}
[debug] [2021-08-12T04:01:09.697Z] [runtime-status] [73475] Resolved module firebase-functions {"declared":true,"installed":true,"version":"3.14.1","resolution":"/Users/mikeyp/github/adventure-planner/functions/node_modules/firebase-functions/lib/index.js"} {"metadata":{"emulator":{"name":"functions"},"message":"[runtime-status] [73475] Resolved module firebase-functions {\"declared\":true,\"installed\":true,\"version\":\"3.14.1\",\"resolution\":\"/Users/mikeyp/github/adventure-planner/functions/node_modules/firebase-functions/lib/index.js\"}"}}
[debug] [2021-08-12T04:01:09.697Z] [runtime-status] [73475] firebase-admin has been stubbed. {"adminResolution":{"declared":true,"installed":true,"version":"9.11.0","resolution":"/Users/mikeyp/github/adventure-planner/functions/node_modules/firebase-admin/lib/index.js"}} {"metadata":{"emulator":{"name":"functions"},"message":"[runtime-status] [73475] firebase-admin has been stubbed. {\"adminResolution\":{\"declared\":true,\"installed\":true,\"version\":\"9.11.0\",\"resolution\":\"/Users/mikeyp/github/adventure-planner/functions/node_modules/firebase-admin/lib/index.js\"}}"}}
[debug] [2021-08-12T04:01:09.798Z] [runtime-status] [73475] initializeApp(DEFAULT) {"storageBucket":"adventure-planner-fb111.appspot.com","projectId":"adventure-planner-fb111"} {"metadata":{"emulator":{"name":"functions"},"message":"[runtime-status] [73475] initializeApp(DEFAULT) {\"storageBucket\":\"adventure-planner-fb111.appspot.com\",\"projectId\":\"adventure-planner-fb111\"}"}}
[warn] ⚠  functions: The Cloud Firestore emulator is not running, so calls to Firestore will affect production. {"metadata":{"emulator":{"name":"functions"},"message":"The Cloud Firestore emulator is not running, so calls to Firestore will affect production."}}
[info] ✔  functions[us-central1-api]: http function initialized (http://localhost:5000/adventure-planner-fb111/us-central1/api). {"metadata":{"emulator":{"name":"functions"},"message":"\u001b[1mhttp\u001b[22m function initialized (http://localhost:5000/adventure-planner-fb111/us-central1/api)."}}
[info] i  functions[us-central1-createNotificationOnLike]: function ignored because the firestore emulator does not exist or is not running. {"metadata":{"emulator":{"name":"functions"},"message":"function ignored because the firestore emulator does not exist or is not running."}}
[info] i  functions[us-central1-deleteNotificationOnUnlike]: function ignored because the firestore emulator does not exist or is not running. {"metadata":{"emulator":{"name":"functions"},"message":"function ignored because the firestore emulator does not exist or is not running."}}
[info] i  functions[us-central1-createNotificationOnComment]: function ignored because the firestore emulator does not exist or is not running. {"metadata":{"emulator":{"name":"functions"},"message":"function ignored because the firestore emulator does not exist or is not running."}}
[debug] [2021-08-12T04:01:10.055Z] [worker-~diagnostic~-3fde5b7f-87c9-4e56-9526-7f3be55b1cac]: IDLE {"metadata":{"emulator":{"name":"functions"},"message":"[worker-~diagnostic~-3fde5b7f-87c9-4e56-9526-7f3be55b1cac]: IDLE"}}
[debug] [2021-08-12T04:01:21.901Z] [work-queue] {"queueLength":1,"workRunningCount":0}
[debug] [2021-08-12T04:01:21.901Z] [work-queue] {"queueLength":0,"workRunningCount":1}
[debug] [2021-08-12T04:01:21.902Z] Accepted request GET /adventure-planner-fb111/us-central1/api/pvAwkOZsGYCDCuS9Y7ug/like --> us-central1-api
[debug] [2021-08-12T04:01:21.912Z] [worker-pool] addWorker(us-central1-api) {"metadata":{"emulator":{"name":"functions"},"message":"[worker-pool] addWorker(us-central1-api)"}}
[debug] [2021-08-12T04:01:21.914Z] [worker-pool] Adding worker with key us-central1-api, total=1 {"metadata":{"emulator":{"name":"functions"},"message":"[worker-pool] Adding worker with key us-central1-api, total=1"}}
[debug] [2021-08-12T04:01:21.914Z] [worker-pool] submitWork(triggerId=us-central1-api) {"metadata":{"emulator":{"name":"functions"},"message":"[worker-pool] submitWork(triggerId=us-central1-api)"}}
[debug] [2021-08-12T04:01:21.914Z] [worker-us-central1-api-42fe18b1-9db0-44bc-9e82-19d439f5b6f7]: Assigning socketPath: /var/folders/pk/n_qwmrz92zjc56kymftxqbhm0000gn/T/fire_emu_73476.sock {"metadata":{"emulator":{"name":"functions"},"message":"[worker-us-central1-api-42fe18b1-9db0-44bc-9e82-19d439f5b6f7]: Assigning socketPath: /var/folders/pk/n_qwmrz92zjc56kymftxqbhm0000gn/T/fire_emu_73476.sock"}}
[debug] [2021-08-12T04:01:21.914Z] [worker-us-central1-api-42fe18b1-9db0-44bc-9e82-19d439f5b6f7]: BUSY {"metadata":{"emulator":{"name":"functions"},"message":"[worker-us-central1-api-42fe18b1-9db0-44bc-9e82-19d439f5b6f7]: BUSY"}}
[debug] [2021-08-12T04:01:22.130Z] [runtime-status] [73476] Functions runtime initialized. {"cwd":"/Users/mikeyp/github/adventure-planner/functions","node_version":"16.5.0"} {"metadata":{"emulator":{"name":"functions"},"function":{"name":"us-central1-api"},"message":"[runtime-status] [73476] Functions runtime initialized. {\"cwd\":\"/Users/mikeyp/github/adventure-planner/functions\",\"node_version\":\"16.5.0\"}"}}
[debug] [2021-08-12T04:01:22.131Z] [runtime-status] [73476] Disabled runtime features: undefined {"metadata":{"emulator":{"name":"functions"},"function":{"name":"us-central1-api"},"message":"[runtime-status] [73476] Disabled runtime features: undefined"}}
[debug] [2021-08-12T04:01:22.134Z] [runtime-status] [73476] Resolved module firebase-admin {"declared":true,"installed":true,"version":"9.11.0","resolution":"/Users/mikeyp/github/adventure-planner/functions/node_modules/firebase-admin/lib/index.js"} {"metadata":{"emulator":{"name":"functions"},"function":{"name":"us-central1-api"},"message":"[runtime-status] [73476] Resolved module firebase-admin {\"declared\":true,\"installed\":true,\"version\":\"9.11.0\",\"resolution\":\"/Users/mikeyp/github/adventure-planner/functions/node_modules/firebase-admin/lib/index.js\"}"}}
[debug] [2021-08-12T04:01:22.136Z] [runtime-status] [73476] Resolved module firebase-functions {"declared":true,"installed":true,"version":"3.14.1","resolution":"/Users/mikeyp/github/adventure-planner/functions/node_modules/firebase-functions/lib/index.js"} {"metadata":{"emulator":{"name":"functions"},"function":{"name":"us-central1-api"},"message":"[runtime-status] [73476] Resolved module firebase-functions {\"declared\":true,\"installed\":true,\"version\":\"3.14.1\",\"resolution\":\"/Users/mikeyp/github/adventure-planner/functions/node_modules/firebase-functions/lib/index.js\"}"}}
[debug] [2021-08-12T04:01:22.138Z] [runtime-status] [73476] Resolved module firebase-functions {"declared":true,"installed":true,"version":"3.14.1","resolution":"/Users/mikeyp/github/adventure-planner/functions/node_modules/firebase-functions/lib/index.js"} {"metadata":{"emulator":{"name":"functions"},"function":{"name":"us-central1-api"},"message":"[runtime-status] [73476] Resolved module firebase-functions {\"declared\":true,\"installed\":true,\"version\":\"3.14.1\",\"resolution\":\"/Users/mikeyp/github/adventure-planner/functions/node_modules/firebase-functions/lib/index.js\"}"}}
[debug] [2021-08-12T04:01:22.142Z] [runtime-status] [73476] Outgoing network have been stubbed. [{"name":"http","status":"mocked"},{"name":"http","status":"mocked"},{"name":"https","status":"mocked"},{"name":"https","status":"mocked"},{"name":"net","status":"mocked"}] {"metadata":{"emulator":{"name":"functions"},"function":{"name":"us-central1-api"},"message":"[runtime-status] [73476] Outgoing network have been stubbed. [{\"name\":\"http\",\"status\":\"mocked\"},{\"name\":\"http\",\"status\":\"mocked\"},{\"name\":\"https\",\"status\":\"mocked\"},{\"name\":\"https\",\"status\":\"mocked\"},{\"name\":\"net\",\"status\":\"mocked\"}]"}}
[debug] [2021-08-12T04:01:22.142Z] [runtime-status] [73476] Resolved module firebase-functions {"declared":true,"installed":true,"version":"3.14.1","resolution":"/Users/mikeyp/github/adventure-planner/functions/node_modules/firebase-functions/lib/index.js"} {"metadata":{"emulator":{"name":"functions"},"function":{"name":"us-central1-api"},"message":"[runtime-status] [73476] Resolved module firebase-functions {\"declared\":true,\"installed\":true,\"version\":\"3.14.1\",\"resolution\":\"/Users/mikeyp/github/adventure-planner/functions/node_modules/firebase-functions/lib/index.js\"}"}}
[debug] [2021-08-12T04:01:22.204Z] [runtime-status] [73476] Checked functions.config() {"config":{}} {"metadata":{"emulator":{"name":"functions"},"function":{"name":"us-central1-api"},"message":"[runtime-status] [73476] Checked functions.config() {\"config\":{}}"}}
[debug] [2021-08-12T04:01:22.204Z] [runtime-status] [73476] firebase-functions has been stubbed. {"functionsResolution":{"declared":true,"installed":true,"version":"3.14.1","resolution":"/Users/mikeyp/github/adventure-planner/functions/node_modules/firebase-functions/lib/index.js"}} {"metadata":{"emulator":{"name":"functions"},"function":{"name":"us-central1-api"},"message":"[runtime-status] [73476] firebase-functions has been stubbed. {\"functionsResolution\":{\"declared\":true,\"installed\":true,\"version\":\"3.14.1\",\"resolution\":\"/Users/mikeyp/github/adventure-planner/functions/node_modules/firebase-functions/lib/index.js\"}}"}}
[debug] [2021-08-12T04:01:22.205Z] [runtime-status] [73476] Resolved module firebase-functions {"declared":true,"installed":true,"version":"3.14.1","resolution":"/Users/mikeyp/github/adventure-planner/functions/node_modules/firebase-functions/lib/index.js"} {"metadata":{"emulator":{"name":"functions"},"function":{"name":"us-central1-api"},"message":"[runtime-status] [73476] Resolved module firebase-functions {\"declared\":true,\"installed\":true,\"version\":\"3.14.1\",\"resolution\":\"/Users/mikeyp/github/adventure-planner/functions/node_modules/firebase-functions/lib/index.js\"}"}}
[debug] [2021-08-12T04:01:22.206Z] [runtime-status] [73476] Resolved module firebase-admin {"declared":true,"installed":true,"version":"9.11.0","resolution":"/Users/mikeyp/github/adventure-planner/functions/node_modules/firebase-admin/lib/index.js"} {"metadata":{"emulator":{"name":"functions"},"function":{"name":"us-central1-api"},"message":"[runtime-status] [73476] Resolved module firebase-admin {\"declared\":true,\"installed\":true,\"version\":\"9.11.0\",\"resolution\":\"/Users/mikeyp/github/adventure-planner/functions/node_modules/firebase-admin/lib/index.js\"}"}}
[debug] [2021-08-12T04:01:22.207Z] [runtime-status] [73476] Resolved module firebase-functions {"declared":true,"installed":true,"version":"3.14.1","resolution":"/Users/mikeyp/github/adventure-planner/functions/node_modules/firebase-functions/lib/index.js"} {"metadata":{"emulator":{"name":"functions"},"function":{"name":"us-central1-api"},"message":"[runtime-status] [73476] Resolved module firebase-functions {\"declared\":true,\"installed\":true,\"version\":\"3.14.1\",\"resolution\":\"/Users/mikeyp/github/adventure-planner/functions/node_modules/firebase-functions/lib/index.js\"}"}}
[debug] [2021-08-12T04:01:22.208Z] [runtime-status] [73476] firebase-admin has been stubbed. {"adminResolution":{"declared":true,"installed":true,"version":"9.11.0","resolution":"/Users/mikeyp/github/adventure-planner/functions/node_modules/firebase-admin/lib/index.js"}} {"metadata":{"emulator":{"name":"functions"},"function":{"name":"us-central1-api"},"message":"[runtime-status] [73476] firebase-admin has been stubbed. {\"adminResolution\":{\"declared\":true,\"installed\":true,\"version\":\"9.11.0\",\"resolution\":\"/Users/mikeyp/github/adventure-planner/functions/node_modules/firebase-admin/lib/index.js\"}}"}}
[debug] [2021-08-12T04:01:22.320Z] [runtime-status] [73476] initializeApp(DEFAULT) {"storageBucket":"adventure-planner-fb111.appspot.com","projectId":"adventure-planner-fb111"} {"metadata":{"emulator":{"name":"functions"},"function":{"name":"us-central1-api"},"message":"[runtime-status] [73476] initializeApp(DEFAULT) {\"storageBucket\":\"adventure-planner-fb111.appspot.com\",\"projectId\":\"adventure-planner-fb111\"}"}}
[debug] [2021-08-12T04:01:22.593Z] [runtime-status] [73476] Trigger "us-central1-api" has been found, beginning invocation! {"metadata":{"emulator":{"name":"functions"},"function":{"name":"us-central1-api"},"message":"[runtime-status] [73476] Trigger \"us-central1-api\" has been found, beginning invocation!"}}
[info] i  functions: Beginning execution of "us-central1-api" {"metadata":{"emulator":{"name":"functions"},"function":{"name":"us-central1-api"},"message":"Beginning execution of \"us-central1-api\""}}
[debug] [2021-08-12T04:01:22.594Z] [runtime-status] [73476] triggerDefinition {"httpsTrigger":{},"name":"api","entryPoint":"api","regions":["us-central1"],"region":"us-central1","id":"us-central1-api"} {"metadata":{"emulator":{"name":"functions"},"function":{"name":"us-central1-api"},"message":"[runtime-status] [73476] triggerDefinition {\"httpsTrigger\":{},\"name\":\"api\",\"entryPoint\":\"api\",\"regions\":[\"us-central1\"],\"region\":\"us-central1\",\"id\":\"us-central1-api\"}"}}
[debug] [2021-08-12T04:01:22.595Z] [runtime-status] [73476] Running us-central1-api in mode HTTPS {"metadata":{"emulator":{"name":"functions"},"function":{"name":"us-central1-api"},"message":"[runtime-status] [73476] Running us-central1-api in mode HTTPS"}}
[debug] [2021-08-12T04:01:22.601Z] [runtime-status] [73476] Attempting to listen to socketPath: /var/folders/pk/n_qwmrz92zjc56kymftxqbhm0000gn/T/fire_emu_73476.sock {"metadata":{"emulator":{"name":"functions"},"function":{"name":"us-central1-api"},"message":"[runtime-status] [73476] Attempting to listen to socketPath: /var/folders/pk/n_qwmrz92zjc56kymftxqbhm0000gn/T/fire_emu_73476.sock"}}
[debug] [2021-08-12T04:01:22.613Z] [functions] Runtime ready! Sending request! {"metadata":{"emulator":{"name":"functions"},"message":"[functions] Runtime ready! Sending request!"}}
[debug] [2021-08-12T04:01:22.614Z] [functions] Got req.url=/adventure-planner-fb111/us-central1/api/pvAwkOZsGYCDCuS9Y7ug/like, mapping to path=/pvAwkOZsGYCDCuS9Y7ug/like {"metadata":{"emulator":{"name":"functions"},"message":"[functions] Got req.url=/adventure-planner-fb111/us-central1/api/pvAwkOZsGYCDCuS9Y7ug/like, mapping to path=/pvAwkOZsGYCDCuS9Y7ug/like"}}
[debug] [2021-08-12T04:01:22.715Z] [runtime-status] [73476] Ephemeral server handling GET request {"metadata":{"emulator":{"name":"functions"},"function":{"name":"us-central1-api"},"message":"[runtime-status] [73476] Ephemeral server handling GET request"}}
[debug] [2021-08-12T04:01:22.728Z] [runtime-status] [73476] Ephemeral server survived. {"metadata":{"emulator":{"name":"functions"},"function":{"name":"us-central1-api"},"message":"[runtime-status] [73476] Ephemeral server survived."}}
[info] i  functions: Finished "us-central1-api" in ~1s {"metadata":{"emulator":{"name":"functions"},"function":{"name":"us-central1-api"},"message":"Finished \"us-central1-api\" in ~1s"}}
[debug] [2021-08-12T04:01:22.744Z] [worker-us-central1-api-42fe18b1-9db0-44bc-9e82-19d439f5b6f7]: IDLE {"metadata":{"emulator":{"name":"functions"},"message":"[worker-us-central1-api-42fe18b1-9db0-44bc-9e82-19d439f5b6f7]: IDLE"}}
[debug] [2021-08-12T04:01:22.745Z] [work-queue] {"queueLength":0,"workRunningCount":0}
[debug] [2021-08-12T04:01:48.689Z] [work-queue] {"queueLength":1,"workRunningCount":0}
[debug] [2021-08-12T04:01:48.690Z] [work-queue] {"queueLength":0,"workRunningCount":1}
[debug] [2021-08-12T04:01:48.690Z] Accepted request GET /adventure-planner-fb111/us-central1/api/pvAwkOZsGYCDCuS9Y7ug/like --> us-central1-api
[debug] [2021-08-12T04:01:48.690Z] [worker-pool] submitWork(triggerId=us-central1-api) {"metadata":{"emulator":{"name":"functions"},"message":"[worker-pool] submitWork(triggerId=us-central1-api)"}}
[debug] [2021-08-12T04:01:48.690Z] [worker-us-central1-api-42fe18b1-9db0-44bc-9e82-19d439f5b6f7]: Assigning socketPath: /var/folders/pk/n_qwmrz92zjc56kymftxqbhm0000gn/T/fire_emu_73476.sock {"metadata":{"emulator":{"name":"functions"},"message":"[worker-us-central1-api-42fe18b1-9db0-44bc-9e82-19d439f5b6f7]: Assigning socketPath: /var/folders/pk/n_qwmrz92zjc56kymftxqbhm0000gn/T/fire_emu_73476.sock"}}
[debug] [2021-08-12T04:01:48.690Z] [worker-us-central1-api-42fe18b1-9db0-44bc-9e82-19d439f5b6f7]: BUSY {"metadata":{"emulator":{"name":"functions"},"message":"[worker-us-central1-api-42fe18b1-9db0-44bc-9e82-19d439f5b6f7]: BUSY"}}
[debug] [2021-08-12T04:01:48.692Z] [runtime-status] [73476] Trigger "us-central1-api" has been found, beginning invocation! {"metadata":{"emulator":{"name":"functions"},"function":{"name":"us-central1-api"},"message":"[runtime-status] [73476] Trigger \"us-central1-api\" has been found, beginning invocation!"}}
[info] i  functions: Beginning execution of "us-central1-api" {"metadata":{"emulator":{"name":"functions"},"function":{"name":"us-central1-api"},"message":"Beginning execution of \"us-central1-api\""}}
[debug] [2021-08-12T04:01:48.692Z] [runtime-status] [73476] triggerDefinition {"httpsTrigger":{},"name":"api","entryPoint":"api","regions":["us-central1"],"region":"us-central1","id":"us-central1-api"} {"metadata":{"emulator":{"name":"functions"},"function":{"name":"us-central1-api"},"message":"[runtime-status] [73476] triggerDefinition {\"httpsTrigger\":{},\"name\":\"api\",\"entryPoint\":\"api\",\"regions\":[\"us-central1\"],\"region\":\"us-central1\",\"id\":\"us-central1-api\"}"}}
[debug] [2021-08-12T04:01:48.693Z] [runtime-status] [73476] Running us-central1-api in mode HTTPS {"metadata":{"emulator":{"name":"functions"},"function":{"name":"us-central1-api"},"message":"[runtime-status] [73476] Running us-central1-api in mode HTTPS"}}
[debug] [2021-08-12T04:01:48.693Z] [runtime-status] [73476] Attempting to listen to socketPath: /var/folders/pk/n_qwmrz92zjc56kymftxqbhm0000gn/T/fire_emu_73476.sock {"metadata":{"emulator":{"name":"functions"},"function":{"name":"us-central1-api"},"message":"[runtime-status] [73476] Attempting to listen to socketPath: /var/folders/pk/n_qwmrz92zjc56kymftxqbhm0000gn/T/fire_emu_73476.sock"}}
[debug] [2021-08-12T04:01:48.694Z] [functions] Runtime ready! Sending request! {"metadata":{"emulator":{"name":"functions"},"message":"[functions] Runtime ready! Sending request!"}}
[debug] [2021-08-12T04:01:48.695Z] [functions] Got req.url=/adventure-planner-fb111/us-central1/api/pvAwkOZsGYCDCuS9Y7ug/like, mapping to path=/pvAwkOZsGYCDCuS9Y7ug/like {"metadata":{"emulator":{"name":"functions"},"message":"[functions] Got req.url=/adventure-planner-fb111/us-central1/api/pvAwkOZsGYCDCuS9Y7ug/like, mapping to path=/pvAwkOZsGYCDCuS9Y7ug/like"}}
[debug] [2021-08-12T04:01:48.704Z] [runtime-status] [73476] Ephemeral server handling GET request {"metadata":{"emulator":{"name":"functions"},"function":{"name":"us-central1-api"},"message":"[runtime-status] [73476] Ephemeral server handling GET request"}}
[debug] [2021-08-12T04:01:48.704Z] [runtime-status] [73476] Ephemeral server survived. {"metadata":{"emulator":{"name":"functions"},"function":{"name":"us-central1-api"},"message":"[runtime-status] [73476] Ephemeral server survived."}}
[info] i  functions: Finished "us-central1-api" in ~1s {"metadata":{"emulator":{"name":"functions"},"function":{"name":"us-central1-api"},"message":"Finished \"us-central1-api\" in ~1s"}}
[debug] [2021-08-12T04:01:48.705Z] [worker-us-central1-api-42fe18b1-9db0-44bc-9e82-19d439f5b6f7]: IDLE {"metadata":{"emulator":{"name":"functions"},"message":"[worker-us-central1-api-42fe18b1-9db0-44bc-9e82-19d439f5b6f7]: IDLE"}}
[debug] [2021-08-12T04:01:48.705Z] [work-queue] {"queueLength":0,"workRunningCount":0}
[debug] [2021-08-12T04:02:10.545Z] [work-queue] {"queueLength":1,"workRunningCount":0}
[debug] [2021-08-12T04:02:10.545Z] [work-queue] {"queueLength":0,"workRunningCount":1}
[debug] [2021-08-12T04:02:10.546Z] Accepted request POST /adventure-planner-fb111/us-central1/api/login --> us-central1-api
[debug] [2021-08-12T04:02:10.546Z] [worker-pool] submitWork(triggerId=us-central1-api) {"metadata":{"emulator":{"name":"functions"},"message":"[worker-pool] submitWork(triggerId=us-central1-api)"}}
[debug] [2021-08-12T04:02:10.546Z] [worker-us-central1-api-42fe18b1-9db0-44bc-9e82-19d439f5b6f7]: Assigning socketPath: /var/folders/pk/n_qwmrz92zjc56kymftxqbhm0000gn/T/fire_emu_73476.sock {"metadata":{"emulator":{"name":"functions"},"message":"[worker-us-central1-api-42fe18b1-9db0-44bc-9e82-19d439f5b6f7]: Assigning socketPath: /var/folders/pk/n_qwmrz92zjc56kymftxqbhm0000gn/T/fire_emu_73476.sock"}}
[debug] [2021-08-12T04:02:10.546Z] [worker-us-central1-api-42fe18b1-9db0-44bc-9e82-19d439f5b6f7]: BUSY {"metadata":{"emulator":{"name":"functions"},"message":"[worker-us-central1-api-42fe18b1-9db0-44bc-9e82-19d439f5b6f7]: BUSY"}}
[debug] [2021-08-12T04:02:10.550Z] [runtime-status] [73476] Trigger "us-central1-api" has been found, beginning invocation! {"metadata":{"emulator":{"name":"functions"},"function":{"name":"us-central1-api"},"message":"[runtime-status] [73476] Trigger \"us-central1-api\" has been found, beginning invocation!"}}
[info] i  functions: Beginning execution of "us-central1-api" {"metadata":{"emulator":{"name":"functions"},"function":{"name":"us-central1-api"},"message":"Beginning execution of \"us-central1-api\""}}
[debug] [2021-08-12T04:02:10.551Z] [runtime-status] [73476] triggerDefinition {"httpsTrigger":{},"name":"api","entryPoint":"api","regions":["us-central1"],"region":"us-central1","id":"us-central1-api"} {"metadata":{"emulator":{"name":"functions"},"function":{"name":"us-central1-api"},"message":"[runtime-status] [73476] triggerDefinition {\"httpsTrigger\":{},\"name\":\"api\",\"entryPoint\":\"api\",\"regions\":[\"us-central1\"],\"region\":\"us-central1\",\"id\":\"us-central1-api\"}"}}
[debug] [2021-08-12T04:02:10.551Z] [runtime-status] [73476] Running us-central1-api in mode HTTPS {"metadata":{"emulator":{"name":"functions"},"function":{"name":"us-central1-api"},"message":"[runtime-status] [73476] Running us-central1-api in mode HTTPS"}}
[debug] [2021-08-12T04:02:10.552Z] [runtime-status] [73476] Attempting to listen to socketPath: /var/folders/pk/n_qwmrz92zjc56kymftxqbhm0000gn/T/fire_emu_73476.sock {"metadata":{"emulator":{"name":"functions"},"function":{"name":"us-central1-api"},"message":"[runtime-status] [73476] Attempting to listen to socketPath: /var/folders/pk/n_qwmrz92zjc56kymftxqbhm0000gn/T/fire_emu_73476.sock"}}
[debug] [2021-08-12T04:02:10.554Z] [functions] Runtime ready! Sending request! {"metadata":{"emulator":{"name":"functions"},"message":"[functions] Runtime ready! Sending request!"}}
[debug] [2021-08-12T04:02:10.554Z] [functions] Got req.url=/adventure-planner-fb111/us-central1/api/login, mapping to path=/login {"metadata":{"emulator":{"name":"functions"},"message":"[functions] Got req.url=/adventure-planner-fb111/us-central1/api/login, mapping to path=/login"}}
[debug] [2021-08-12T04:02:10.569Z] [runtime-status] [73476] Ephemeral server handling POST request {"metadata":{"emulator":{"name":"functions"},"function":{"name":"us-central1-api"},"message":"[runtime-status] [73476] Ephemeral server handling POST request"}}
[debug] [2021-08-12T04:02:10.971Z] [runtime-status] [73476] Ephemeral server survived. {"metadata":{"emulator":{"name":"functions"},"function":{"name":"us-central1-api"},"message":"[runtime-status] [73476] Ephemeral server survived."}}
[info] i  functions: Finished "us-central1-api" in ~1s {"metadata":{"emulator":{"name":"functions"},"function":{"name":"us-central1-api"},"message":"Finished \"us-central1-api\" in ~1s"}}
[debug] [2021-08-12T04:02:11.705Z] [worker-us-central1-api-42fe18b1-9db0-44bc-9e82-19d439f5b6f7]: IDLE {"metadata":{"emulator":{"name":"functions"},"message":"[worker-us-central1-api-42fe18b1-9db0-44bc-9e82-19d439f5b6f7]: IDLE"}}
[debug] [2021-08-12T04:02:11.705Z] [work-queue] {"queueLength":0,"workRunningCount":0}
[debug] [2021-08-12T04:03:00.705Z] [work-queue] {"queueLength":1,"workRunningCount":0}
[debug] [2021-08-12T04:03:00.705Z] [work-queue] {"queueLength":0,"workRunningCount":1}
[debug] [2021-08-12T04:03:00.705Z] Accepted request GET /adventure-planner-fb111/us-central1/api/HVLqlSLsUltKIemFc3ib/like --> us-central1-api
[debug] [2021-08-12T04:03:00.705Z] [worker-pool] submitWork(triggerId=us-central1-api) {"metadata":{"emulator":{"name":"functions"},"message":"[worker-pool] submitWork(triggerId=us-central1-api)"}}
[debug] [2021-08-12T04:03:00.706Z] [worker-us-central1-api-42fe18b1-9db0-44bc-9e82-19d439f5b6f7]: Assigning socketPath: /var/folders/pk/n_qwmrz92zjc56kymftxqbhm0000gn/T/fire_emu_73476.sock {"metadata":{"emulator":{"name":"functions"},"message":"[worker-us-central1-api-42fe18b1-9db0-44bc-9e82-19d439f5b6f7]: Assigning socketPath: /var/folders/pk/n_qwmrz92zjc56kymftxqbhm0000gn/T/fire_emu_73476.sock"}}
[debug] [2021-08-12T04:03:00.706Z] [worker-us-central1-api-42fe18b1-9db0-44bc-9e82-19d439f5b6f7]: BUSY {"metadata":{"emulator":{"name":"functions"},"message":"[worker-us-central1-api-42fe18b1-9db0-44bc-9e82-19d439f5b6f7]: BUSY"}}
[debug] [2021-08-12T04:03:00.708Z] [runtime-status] [73476] Trigger "us-central1-api" has been found, beginning invocation! {"metadata":{"emulator":{"name":"functions"},"function":{"name":"us-central1-api"},"message":"[runtime-status] [73476] Trigger \"us-central1-api\" has been found, beginning invocation!"}}
[info] i  functions: Beginning execution of "us-central1-api" {"metadata":{"emulator":{"name":"functions"},"function":{"name":"us-central1-api"},"message":"Beginning execution of \"us-central1-api\""}}
[debug] [2021-08-12T04:03:00.709Z] [runtime-status] [73476] triggerDefinition {"httpsTrigger":{},"name":"api","entryPoint":"api","regions":["us-central1"],"region":"us-central1","id":"us-central1-api"} {"metadata":{"emulator":{"name":"functions"},"function":{"name":"us-central1-api"},"message":"[runtime-status] [73476] triggerDefinition {\"httpsTrigger\":{},\"name\":\"api\",\"entryPoint\":\"api\",\"regions\":[\"us-central1\"],\"region\":\"us-central1\",\"id\":\"us-central1-api\"}"}}
[debug] [2021-08-12T04:03:00.709Z] [runtime-status] [73476] Running us-central1-api in mode HTTPS {"metadata":{"emulator":{"name":"functions"},"function":{"name":"us-central1-api"},"message":"[runtime-status] [73476] Running us-central1-api in mode HTTPS"}}
[debug] [2021-08-12T04:03:00.709Z] [runtime-status] [73476] Attempting to listen to socketPath: /var/folders/pk/n_qwmrz92zjc56kymftxqbhm0000gn/T/fire_emu_73476.sock {"metadata":{"emulator":{"name":"functions"},"function":{"name":"us-central1-api"},"message":"[runtime-status] [73476] Attempting to listen to socketPath: /var/folders/pk/n_qwmrz92zjc56kymftxqbhm0000gn/T/fire_emu_73476.sock"}}
[debug] [2021-08-12T04:03:00.711Z] [functions] Runtime ready! Sending request! {"metadata":{"emulator":{"name":"functions"},"message":"[functions] Runtime ready! Sending request!"}}
[debug] [2021-08-12T04:03:00.712Z] [functions] Got req.url=/adventure-planner-fb111/us-central1/api/HVLqlSLsUltKIemFc3ib/like, mapping to path=/HVLqlSLsUltKIemFc3ib/like {"metadata":{"emulator":{"name":"functions"},"message":"[functions] Got req.url=/adventure-planner-fb111/us-central1/api/HVLqlSLsUltKIemFc3ib/like, mapping to path=/HVLqlSLsUltKIemFc3ib/like"}}
[debug] [2021-08-12T04:03:00.718Z] [runtime-status] [73476] Ephemeral server handling GET request {"metadata":{"emulator":{"name":"functions"},"function":{"name":"us-central1-api"},"message":"[runtime-status] [73476] Ephemeral server handling GET request"}}
[debug] [2021-08-12T04:03:00.718Z] [runtime-status] [73476] Ephemeral server survived. {"metadata":{"emulator":{"name":"functions"},"function":{"name":"us-central1-api"},"message":"[runtime-status] [73476] Ephemeral server survived."}}
[info] i  functions: Finished "us-central1-api" in ~1s {"metadata":{"emulator":{"name":"functions"},"function":{"name":"us-central1-api"},"message":"Finished \"us-central1-api\" in ~1s"}}
[debug] [2021-08-12T04:03:00.719Z] [worker-us-central1-api-42fe18b1-9db0-44bc-9e82-19d439f5b6f7]: IDLE {"metadata":{"emulator":{"name":"functions"},"message":"[worker-us-central1-api-42fe18b1-9db0-44bc-9e82-19d439f5b6f7]: IDLE"}}
[debug] [2021-08-12T04:03:00.719Z] [work-queue] {"queueLength":0,"workRunningCount":0}
[debug] [2021-08-12T04:03:06.607Z] [work-queue] {"queueLength":1,"workRunningCount":0}
[debug] [2021-08-12T04:03:06.607Z] [work-queue] {"queueLength":0,"workRunningCount":1}
[debug] [2021-08-12T04:03:06.608Z] Accepted request POST /adventure-planner-fb111/us-central1/api/HVLqlSLsUltKIemFc3ib/like --> us-central1-api
[debug] [2021-08-12T04:03:06.608Z] [worker-pool] submitWork(triggerId=us-central1-api) {"metadata":{"emulator":{"name":"functions"},"message":"[worker-pool] submitWork(triggerId=us-central1-api)"}}
[debug] [2021-08-12T04:03:06.608Z] [worker-us-central1-api-42fe18b1-9db0-44bc-9e82-19d439f5b6f7]: Assigning socketPath: /var/folders/pk/n_qwmrz92zjc56kymftxqbhm0000gn/T/fire_emu_73476.sock {"metadata":{"emulator":{"name":"functions"},"message":"[worker-us-central1-api-42fe18b1-9db0-44bc-9e82-19d439f5b6f7]: Assigning socketPath: /var/folders/pk/n_qwmrz92zjc56kymftxqbhm0000gn/T/fire_emu_73476.sock"}}
[debug] [2021-08-12T04:03:06.608Z] [worker-us-central1-api-42fe18b1-9db0-44bc-9e82-19d439f5b6f7]: BUSY {"metadata":{"emulator":{"name":"functions"},"message":"[worker-us-central1-api-42fe18b1-9db0-44bc-9e82-19d439f5b6f7]: BUSY"}}
[debug] [2021-08-12T04:03:06.609Z] [runtime-status] [73476] Trigger "us-central1-api" has been found, beginning invocation! {"metadata":{"emulator":{"name":"functions"},"function":{"name":"us-central1-api"},"message":"[runtime-status] [73476] Trigger \"us-central1-api\" has been found, beginning invocation!"}}
[info] i  functions: Beginning execution of "us-central1-api" {"metadata":{"emulator":{"name":"functions"},"function":{"name":"us-central1-api"},"message":"Beginning execution of \"us-central1-api\""}}
[debug] [2021-08-12T04:03:06.610Z] [runtime-status] [73476] triggerDefinition {"httpsTrigger":{},"name":"api","entryPoint":"api","regions":["us-central1"],"region":"us-central1","id":"us-central1-api"} {"metadata":{"emulator":{"name":"functions"},"function":{"name":"us-central1-api"},"message":"[runtime-status] [73476] triggerDefinition {\"httpsTrigger\":{},\"name\":\"api\",\"entryPoint\":\"api\",\"regions\":[\"us-central1\"],\"region\":\"us-central1\",\"id\":\"us-central1-api\"}"}}
[debug] [2021-08-12T04:03:06.610Z] [runtime-status] [73476] Running us-central1-api in mode HTTPS {"metadata":{"emulator":{"name":"functions"},"function":{"name":"us-central1-api"},"message":"[runtime-status] [73476] Running us-central1-api in mode HTTPS"}}
[debug] [2021-08-12T04:03:06.612Z] [runtime-status] [73476] Attempting to listen to socketPath: /var/folders/pk/n_qwmrz92zjc56kymftxqbhm0000gn/T/fire_emu_73476.sock {"metadata":{"emulator":{"name":"functions"},"function":{"name":"us-central1-api"},"message":"[runtime-status] [73476] Attempting to listen to socketPath: /var/folders/pk/n_qwmrz92zjc56kymftxqbhm0000gn/T/fire_emu_73476.sock"}}
[debug] [2021-08-12T04:03:06.614Z] [functions] Runtime ready! Sending request! {"metadata":{"emulator":{"name":"functions"},"message":"[functions] Runtime ready! Sending request!"}}
[debug] [2021-08-12T04:03:06.614Z] [functions] Got req.url=/adventure-planner-fb111/us-central1/api/HVLqlSLsUltKIemFc3ib/like, mapping to path=/HVLqlSLsUltKIemFc3ib/like {"metadata":{"emulator":{"name":"functions"},"message":"[functions] Got req.url=/adventure-planner-fb111/us-central1/api/HVLqlSLsUltKIemFc3ib/like, mapping to path=/HVLqlSLsUltKIemFc3ib/like"}}
[debug] [2021-08-12T04:03:06.619Z] [runtime-status] [73476] Ephemeral server handling POST request {"metadata":{"emulator":{"name":"functions"},"function":{"name":"us-central1-api"},"message":"[runtime-status] [73476] Ephemeral server handling POST request"}}
[debug] [2021-08-12T04:03:06.621Z] [runtime-status] [73476] Ephemeral server survived. {"metadata":{"emulator":{"name":"functions"},"function":{"name":"us-central1-api"},"message":"[runtime-status] [73476] Ephemeral server survived."}}
[info] i  functions: Finished "us-central1-api" in ~1s {"metadata":{"emulator":{"name":"functions"},"function":{"name":"us-central1-api"},"message":"Finished \"us-central1-api\" in ~1s"}}
[debug] [2021-08-12T04:03:06.622Z] [worker-us-central1-api-42fe18b1-9db0-44bc-9e82-19d439f5b6f7]: IDLE {"metadata":{"emulator":{"name":"functions"},"message":"[worker-us-central1-api-42fe18b1-9db0-44bc-9e82-19d439f5b6f7]: IDLE"}}
[debug] [2021-08-12T04:03:06.622Z] [work-queue] {"queueLength":0,"workRunningCount":0}
[debug] [2021-08-12T04:03:10.165Z] [work-queue] {"queueLength":1,"workRunningCount":0}
[debug] [2021-08-12T04:03:10.165Z] [work-queue] {"queueLength":0,"workRunningCount":1}
[debug] [2021-08-12T04:03:10.165Z] Accepted request GET /adventure-planner-fb111/us-central1/api/HVLqlSLsUltKIemFc3ib/like --> us-central1-api
[debug] [2021-08-12T04:03:10.165Z] [worker-pool] submitWork(triggerId=us-central1-api) {"metadata":{"emulator":{"name":"functions"},"message":"[worker-pool] submitWork(triggerId=us-central1-api)"}}
[debug] [2021-08-12T04:03:10.166Z] [worker-us-central1-api-42fe18b1-9db0-44bc-9e82-19d439f5b6f7]: Assigning socketPath: /var/folders/pk/n_qwmrz92zjc56kymftxqbhm0000gn/T/fire_emu_73476.sock {"metadata":{"emulator":{"name":"functions"},"message":"[worker-us-central1-api-42fe18b1-9db0-44bc-9e82-19d439f5b6f7]: Assigning socketPath: /var/folders/pk/n_qwmrz92zjc56kymftxqbhm0000gn/T/fire_emu_73476.sock"}}
[debug] [2021-08-12T04:03:10.166Z] [worker-us-central1-api-42fe18b1-9db0-44bc-9e82-19d439f5b6f7]: BUSY {"metadata":{"emulator":{"name":"functions"},"message":"[worker-us-central1-api-42fe18b1-9db0-44bc-9e82-19d439f5b6f7]: BUSY"}}
[debug] [2021-08-12T04:03:10.168Z] [runtime-status] [73476] Trigger "us-central1-api" has been found, beginning invocation! {"metadata":{"emulator":{"name":"functions"},"function":{"name":"us-central1-api"},"message":"[runtime-status] [73476] Trigger \"us-central1-api\" has been found, beginning invocation!"}}
[info] i  functions: Beginning execution of "us-central1-api" {"metadata":{"emulator":{"name":"functions"},"function":{"name":"us-central1-api"},"message":"Beginning execution of \"us-central1-api\""}}
[debug] [2021-08-12T04:03:10.169Z] [runtime-status] [73476] triggerDefinition {"httpsTrigger":{},"name":"api","entryPoint":"api","regions":["us-central1"],"region":"us-central1","id":"us-central1-api"} {"metadata":{"emulator":{"name":"functions"},"function":{"name":"us-central1-api"},"message":"[runtime-status] [73476] triggerDefinition {\"httpsTrigger\":{},\"name\":\"api\",\"entryPoint\":\"api\",\"regions\":[\"us-central1\"],\"region\":\"us-central1\",\"id\":\"us-central1-api\"}"}}
[debug] [2021-08-12T04:03:10.169Z] [runtime-status] [73476] Running us-central1-api in mode HTTPS {"metadata":{"emulator":{"name":"functions"},"function":{"name":"us-central1-api"},"message":"[runtime-status] [73476] Running us-central1-api in mode HTTPS"}}
[debug] [2021-08-12T04:03:10.169Z] [runtime-status] [73476] Attempting to listen to socketPath: /var/folders/pk/n_qwmrz92zjc56kymftxqbhm0000gn/T/fire_emu_73476.sock {"metadata":{"emulator":{"name":"functions"},"function":{"name":"us-central1-api"},"message":"[runtime-status] [73476] Attempting to listen to socketPath: /var/folders/pk/n_qwmrz92zjc56kymftxqbhm0000gn/T/fire_emu_73476.sock"}}
[debug] [2021-08-12T04:03:10.170Z] [functions] Runtime ready! Sending request! {"metadata":{"emulator":{"name":"functions"},"message":"[functions] Runtime ready! Sending request!"}}
[debug] [2021-08-12T04:03:10.171Z] [functions] Got req.url=/adventure-planner-fb111/us-central1/api/HVLqlSLsUltKIemFc3ib/like, mapping to path=/HVLqlSLsUltKIemFc3ib/like {"metadata":{"emulator":{"name":"functions"},"message":"[functions] Got req.url=/adventure-planner-fb111/us-central1/api/HVLqlSLsUltKIemFc3ib/like, mapping to path=/HVLqlSLsUltKIemFc3ib/like"}}
[debug] [2021-08-12T04:03:10.181Z] [runtime-status] [73476] Ephemeral server handling GET request {"metadata":{"emulator":{"name":"functions"},"function":{"name":"us-central1-api"},"message":"[runtime-status] [73476] Ephemeral server handling GET request"}}
[debug] [2021-08-12T04:03:10.183Z] [runtime-status] [73476] Ephemeral server survived. {"metadata":{"emulator":{"name":"functions"},"function":{"name":"us-central1-api"},"message":"[runtime-status] [73476] Ephemeral server survived."}}
[info] i  functions: Finished "us-central1-api" in ~1s {"metadata":{"emulator":{"name":"functions"},"function":{"name":"us-central1-api"},"message":"Finished \"us-central1-api\" in ~1s"}}
[debug] [2021-08-12T04:03:10.184Z] [worker-us-central1-api-42fe18b1-9db0-44bc-9e82-19d439f5b6f7]: IDLE {"metadata":{"emulator":{"name":"functions"},"message":"[worker-us-central1-api-42fe18b1-9db0-44bc-9e82-19d439f5b6f7]: IDLE"}}
[debug] [2021-08-12T04:03:10.184Z] [work-queue] {"queueLength":0,"workRunningCount":0}
